2023-10-01 18:23:49,678 INFO  [g58112.webg5.pae.PaeApplication] - Starting PaeApplication using Java 17.0.9 with PID 59165 (/Users/mamounbenmassaoud/Documents/ESI/Bloc3Q1/WEBG5/webg5_2023_em_58112/pae/target/classes started by mamounbenmassaoud in /Users/mamounbenmassaoud/Documents/ESI/Bloc3Q1/WEBG5/webg5_2023_em_58112/pae)
2023-10-01 18:23:49,679 DEBUG [g58112.webg5.pae.PaeApplication] - Running with Spring Boot v3.1.4, Spring v6.0.12
2023-10-01 18:23:49,679 INFO  [g58112.webg5.pae.PaeApplication] - No active profile set, falling back to 1 default profile: "default"
2023-10-01 18:23:50,093 INFO  [g58112.webg5.pae.PaeApplication] - Started PaeApplication in 0.488 seconds (process running for 29.249)
2023-10-01 18:23:53,179 INFO  [g58112.webg5.pae.PaeApplication] - Starting PaeApplication using Java 17.0.9 with PID 59221 (/Users/mamounbenmassaoud/Documents/ESI/Bloc3Q1/WEBG5/webg5_2023_em_58112/pae/target/classes started by mamounbenmassaoud in /Users/mamounbenmassaoud/Documents/ESI/Bloc3Q1/WEBG5/webg5_2023_em_58112/pae)
2023-10-01 18:23:53,183 DEBUG [g58112.webg5.pae.PaeApplication] - Running with Spring Boot v3.1.4, Spring v6.0.12
2023-10-01 18:23:53,184 INFO  [g58112.webg5.pae.PaeApplication] - No active profile set, falling back to 1 default profile: "default"
2023-10-01 18:23:54,495 INFO  [g58112.webg5.pae.PaeApplication] - Started PaeApplication in 1.636 seconds (process running for 2.348)
2023-10-01 18:50:37,742 INFO  [g58112.webg5.pae.PaeApplication] - Starting PaeApplication using Java 17.0.9 with PID 59221 (/Users/mamounbenmassaoud/Documents/ESI/Bloc3Q1/WEBG5/webg5_2023_em_58112/pae/target/classes started by mamounbenmassaoud in /Users/mamounbenmassaoud/Documents/ESI/Bloc3Q1/WEBG5/webg5_2023_em_58112/pae)
2023-10-01 18:50:37,743 DEBUG [g58112.webg5.pae.PaeApplication] - Running with Spring Boot v3.1.4, Spring v6.0.12
2023-10-01 18:50:37,744 INFO  [g58112.webg5.pae.PaeApplication] - No active profile set, falling back to 1 default profile: "default"
2023-10-01 18:50:38,037 INFO  [g58112.webg5.pae.PaeApplication] - Started PaeApplication in 0.345 seconds (process running for 1605.89)
2023-10-01 18:50:52,568 INFO  [g58112.webg5.pae.PaeApplication] - Starting PaeApplication using Java 17.0.9 with PID 60117 (/Users/mamounbenmassaoud/Documents/ESI/Bloc3Q1/WEBG5/webg5_2023_em_58112/pae/target/classes started by mamounbenmassaoud in /Users/mamounbenmassaoud/Documents/ESI/Bloc3Q1/WEBG5/webg5_2023_em_58112/pae)
2023-10-01 18:50:52,573 DEBUG [g58112.webg5.pae.PaeApplication] - Running with Spring Boot v3.1.4, Spring v6.0.12
2023-10-01 18:50:52,574 INFO  [g58112.webg5.pae.PaeApplication] - No active profile set, falling back to 1 default profile: "default"
2023-10-01 18:50:53,909 INFO  [g58112.webg5.pae.PaeApplication] - Started PaeApplication in 1.666 seconds (process running for 2.367)
2023-10-01 18:51:18,322 INFO  [g58112.webg5.pae.PaeApplication] - Starting PaeApplication using Java 17.0.9 with PID 60139 (/Users/mamounbenmassaoud/Documents/ESI/Bloc3Q1/WEBG5/webg5_2023_em_58112/pae/target/classes started by mamounbenmassaoud in /Users/mamounbenmassaoud/Documents/ESI/Bloc3Q1/WEBG5/webg5_2023_em_58112/pae)
2023-10-01 18:51:18,328 DEBUG [g58112.webg5.pae.PaeApplication] - Running with Spring Boot v3.1.4, Spring v6.0.12
2023-10-01 18:51:18,330 INFO  [g58112.webg5.pae.PaeApplication] - No active profile set, falling back to 1 default profile: "default"
2023-10-01 18:51:19,653 INFO  [g58112.webg5.pae.PaeApplication] - Started PaeApplication in 1.657 seconds (process running for 2.332)
2023-10-01 18:58:53,323 INFO  [g58112.webg5.pae.PaeApplication] - Starting PaeApplication using Java 17.0.9 with PID 60139 (/Users/mamounbenmassaoud/Documents/ESI/Bloc3Q1/WEBG5/webg5_2023_em_58112/pae/target/classes started by mamounbenmassaoud in /Users/mamounbenmassaoud/Documents/ESI/Bloc3Q1/WEBG5/webg5_2023_em_58112/pae)
2023-10-01 18:58:53,327 DEBUG [g58112.webg5.pae.PaeApplication] - Running with Spring Boot v3.1.4, Spring v6.0.12
2023-10-01 18:58:53,327 INFO  [g58112.webg5.pae.PaeApplication] - No active profile set, falling back to 1 default profile: "default"
2023-10-01 18:58:53,720 INFO  [g58112.webg5.pae.PaeApplication] - Started PaeApplication in 0.477 seconds (process running for 456.399)
2023-10-01 18:59:54,475 INFO  [g58112.webg5.pae.PaeApplication] - Starting PaeApplication using Java 17.0.9 with PID 60139 (/Users/mamounbenmassaoud/Documents/ESI/Bloc3Q1/WEBG5/webg5_2023_em_58112/pae/target/classes started by mamounbenmassaoud in /Users/mamounbenmassaoud/Documents/ESI/Bloc3Q1/WEBG5/webg5_2023_em_58112/pae)
2023-10-01 18:59:54,476 DEBUG [g58112.webg5.pae.PaeApplication] - Running with Spring Boot v3.1.4, Spring v6.0.12
2023-10-01 18:59:54,476 INFO  [g58112.webg5.pae.PaeApplication] - No active profile set, falling back to 1 default profile: "default"
2023-10-01 18:59:54,879 INFO  [g58112.webg5.pae.PaeApplication] - Started PaeApplication in 0.473 seconds (process running for 517.558)
2023-10-01 19:08:50,203 INFO  [g58112.webg5.pae.PaeApplication] - Starting PaeApplication using Java 17.0.9 with PID 61104 (/Users/mamounbenmassaoud/Documents/ESI/Bloc3Q1/WEBG5/webg5_2023_em_58112/pae/target/classes started by mamounbenmassaoud in /Users/mamounbenmassaoud/Documents/ESI/Bloc3Q1/WEBG5/webg5_2023_em_58112/pae)
2023-10-01 19:08:50,208 DEBUG [g58112.webg5.pae.PaeApplication] - Running with Spring Boot v3.1.4, Spring v6.0.12
2023-10-01 19:08:50,210 INFO  [g58112.webg5.pae.PaeApplication] - No active profile set, falling back to 1 default profile: "default"
2023-10-01 19:09:46,592 INFO  [g58112.webg5.pae.PaeApplication] - Starting PaeApplication using Java 17.0.9 with PID 61194 (/Users/mamounbenmassaoud/Documents/ESI/Bloc3Q1/WEBG5/webg5_2023_em_58112/pae/target/classes started by mamounbenmassaoud in /Users/mamounbenmassaoud/Documents/ESI/Bloc3Q1/WEBG5/webg5_2023_em_58112/pae)
2023-10-01 19:09:46,597 DEBUG [g58112.webg5.pae.PaeApplication] - Running with Spring Boot v3.1.4, Spring v6.0.12
2023-10-01 19:09:46,598 INFO  [g58112.webg5.pae.PaeApplication] - No active profile set, falling back to 1 default profile: "default"
2023-10-01 19:09:47,883 INFO  [g58112.webg5.pae.PaeApplication] - Started PaeApplication in 1.612 seconds (process running for 2.375)
2023-10-01 19:12:02,910 INFO  [g58112.webg5.pae.business.PAE] - Nouveau cours ajouté : Course(id=ATLG4, title=dd, credits=0)
2023-10-01 19:13:37,489 INFO  [g58112.webg5.pae.business.PAE] - Nouveau cours ajouté : Course(id=mobg5, title=ee, credits=0)
2023-10-01 19:14:09,167 INFO  [g58112.webg5.pae.PaeApplication] - Starting PaeApplication using Java 17.0.9 with PID 61194 (/Users/mamounbenmassaoud/Documents/ESI/Bloc3Q1/WEBG5/webg5_2023_em_58112/pae/target/classes started by mamounbenmassaoud in /Users/mamounbenmassaoud/Documents/ESI/Bloc3Q1/WEBG5/webg5_2023_em_58112/pae)
2023-10-01 19:14:09,167 DEBUG [g58112.webg5.pae.PaeApplication] - Running with Spring Boot v3.1.4, Spring v6.0.12
2023-10-01 19:14:09,168 INFO  [g58112.webg5.pae.PaeApplication] - No active profile set, falling back to 1 default profile: "default"
2023-10-01 19:14:09,614 INFO  [g58112.webg5.pae.PaeApplication] - Started PaeApplication in 0.574 seconds (process running for 264.106)
2023-10-01 19:14:15,002 INFO  [g58112.webg5.pae.business.PAE] - Nouveau cours ajouté : Course(id=WEBG5, title=ss, credits=0)
2023-10-01 19:14:31,991 INFO  [g58112.webg5.pae.business.PAE] - Nouveau cours ajouté : Course(id=WEBG5, title=ss, credits=0)
2023-10-01 19:15:14,923 INFO  [g58112.webg5.pae.PaeApplication] - Starting PaeApplication using Java 17.0.9 with PID 61194 (/Users/mamounbenmassaoud/Documents/ESI/Bloc3Q1/WEBG5/webg5_2023_em_58112/pae/target/classes started by mamounbenmassaoud in /Users/mamounbenmassaoud/Documents/ESI/Bloc3Q1/WEBG5/webg5_2023_em_58112/pae)
2023-10-01 19:15:14,924 DEBUG [g58112.webg5.pae.PaeApplication] - Running with Spring Boot v3.1.4, Spring v6.0.12
2023-10-01 19:15:14,924 INFO  [g58112.webg5.pae.PaeApplication] - No active profile set, falling back to 1 default profile: "default"
2023-10-01 19:15:15,199 INFO  [g58112.webg5.pae.PaeApplication] - Started PaeApplication in 0.326 seconds (process running for 329.691)
2023-10-01 19:15:20,673 INFO  [g58112.webg5.pae.PaeApplication] - Starting PaeApplication using Java 17.0.9 with PID 61194 (/Users/mamounbenmassaoud/Documents/ESI/Bloc3Q1/WEBG5/webg5_2023_em_58112/pae/target/classes started by mamounbenmassaoud in /Users/mamounbenmassaoud/Documents/ESI/Bloc3Q1/WEBG5/webg5_2023_em_58112/pae)
2023-10-01 19:15:20,673 DEBUG [g58112.webg5.pae.PaeApplication] - Running with Spring Boot v3.1.4, Spring v6.0.12
2023-10-01 19:15:20,673 INFO  [g58112.webg5.pae.PaeApplication] - No active profile set, falling back to 1 default profile: "default"
2023-10-01 19:15:20,889 INFO  [g58112.webg5.pae.PaeApplication] - Started PaeApplication in 0.242 seconds (process running for 335.381)
2023-10-01 19:15:29,519 INFO  [g58112.webg5.pae.business.PAE] - Nouveau cours ajouté : Course(id=ATLG4, title=ss, credits=0)
2023-10-01 19:15:36,253 INFO  [g58112.webg5.pae.business.PAE] - Nouveau cours ajouté : Course(id=ATLG4, title=ss, credits=0)
2023-10-01 19:15:44,545 INFO  [g58112.webg5.pae.PaeApplication] - Starting PaeApplication using Java 17.0.9 with PID 61194 (/Users/mamounbenmassaoud/Documents/ESI/Bloc3Q1/WEBG5/webg5_2023_em_58112/pae/target/classes started by mamounbenmassaoud in /Users/mamounbenmassaoud/Documents/ESI/Bloc3Q1/WEBG5/webg5_2023_em_58112/pae)
2023-10-01 19:15:44,545 DEBUG [g58112.webg5.pae.PaeApplication] - Running with Spring Boot v3.1.4, Spring v6.0.12
2023-10-01 19:15:44,545 INFO  [g58112.webg5.pae.PaeApplication] - No active profile set, falling back to 1 default profile: "default"
2023-10-01 19:15:44,786 INFO  [g58112.webg5.pae.PaeApplication] - Started PaeApplication in 0.267 seconds (process running for 359.278)
2023-10-01 19:16:14,706 INFO  [g58112.webg5.pae.business.PAE] - Nouveau cours ajouté : Course(id=dd, title=dd, credits=0)
2023-10-03 10:37:07,455 INFO  [g58112.webg5.pae.PaeApplication] - Starting PaeApplication using Java 17.0.9 with PID 85102 (/Users/mamounbenmassaoud/Documents/ESI/Bloc3Q1/WEBG5/webg5_2023_em_58112/pae/target/classes started by mamounbenmassaoud in /Users/mamounbenmassaoud/Documents/ESI/Bloc3Q1/WEBG5/webg5_2023_em_58112/pae)
2023-10-03 10:37:07,460 DEBUG [g58112.webg5.pae.PaeApplication] - Running with Spring Boot v3.1.4, Spring v6.0.12
2023-10-03 10:37:07,461 INFO  [g58112.webg5.pae.PaeApplication] - No active profile set, falling back to 1 default profile: "default"
2023-10-03 10:37:09,171 INFO  [g58112.webg5.pae.PaeApplication] - Started PaeApplication in 2.063 seconds (process running for 2.899)
2023-10-03 10:40:44,633 INFO  [g58112.webg5.pae.business.PAE] - Nouveau cours ajouté : Course(id=ATLG4, title=Atelier logiciel, credits=3)
2023-10-03 10:48:35,293 INFO  [g58112.webg5.pae.business.PAE] - Nouveau cours ajouté : Course(id=WEBG5, title=web, credits=3)
2023-10-03 10:49:00,633 INFO  [g58112.webg5.pae.business.PAE] - Nouveau cours ajouté : Course(id=WEBG5, title=web, credits=3)
2023-10-03 10:49:03,197 INFO  [g58112.webg5.pae.business.PAE] - Nouveau cours ajouté : Course(id=WEBG5, title=web, credits=3)
2023-10-03 11:10:04,999 INFO  [g58112.webg5.pae.PaeApplication] - Starting PaeApplication using Java 17.0.9 with PID 85102 (/Users/mamounbenmassaoud/Documents/ESI/Bloc3Q1/WEBG5/webg5_2023_em_58112/pae/target/classes started by mamounbenmassaoud in /Users/mamounbenmassaoud/Documents/ESI/Bloc3Q1/WEBG5/webg5_2023_em_58112/pae)
2023-10-03 11:10:05,000 DEBUG [g58112.webg5.pae.PaeApplication] - Running with Spring Boot v3.1.4, Spring v6.0.12
2023-10-03 11:10:05,000 INFO  [g58112.webg5.pae.PaeApplication] - No active profile set, falling back to 1 default profile: "default"
2023-10-03 11:10:05,440 INFO  [g58112.webg5.pae.PaeApplication] - Started PaeApplication in 0.519 seconds (process running for 1979.168)
2023-10-03 14:26:31,802 INFO  [g58112.webg5.pae.PaeApplication] - Starting PaeApplication using Java 17.0.9 with PID 88785 (/Users/mamounbenmassaoud/Documents/ESI/Bloc3Q1/WEBG5/webg5_2023_em_58112/pae/target/classes started by mamounbenmassaoud in /Users/mamounbenmassaoud/Documents/ESI/Bloc3Q1/WEBG5/webg5_2023_em_58112/pae)
2023-10-03 14:26:31,807 DEBUG [g58112.webg5.pae.PaeApplication] - Running with Spring Boot v3.1.4, Spring v6.0.12
2023-10-03 14:26:31,809 INFO  [g58112.webg5.pae.PaeApplication] - No active profile set, falling back to 1 default profile: "default"
2023-10-03 14:26:33,361 INFO  [g58112.webg5.pae.PaeApplication] - Started PaeApplication in 1.895 seconds (process running for 2.67)
2023-10-03 14:32:35,005 INFO  [g58112.webg5.pae.PaeApplication] - Starting PaeApplication using Java 17.0.9 with PID 88785 (/Users/mamounbenmassaoud/Documents/ESI/Bloc3Q1/WEBG5/webg5_2023_em_58112/pae/target/classes started by mamounbenmassaoud in /Users/mamounbenmassaoud/Documents/ESI/Bloc3Q1/WEBG5/webg5_2023_em_58112/pae)
2023-10-03 14:32:35,006 DEBUG [g58112.webg5.pae.PaeApplication] - Running with Spring Boot v3.1.4, Spring v6.0.12
2023-10-03 14:32:35,007 INFO  [g58112.webg5.pae.PaeApplication] - No active profile set, falling back to 1 default profile: "default"
2023-10-03 14:32:35,350 INFO  [g58112.webg5.pae.PaeApplication] - Started PaeApplication in 0.4 seconds (process running for 364.659)
2023-10-03 14:32:38,902 INFO  [g58112.webg5.pae.PaeApplication] - Starting PaeApplication using Java 17.0.9 with PID 88785 (/Users/mamounbenmassaoud/Documents/ESI/Bloc3Q1/WEBG5/webg5_2023_em_58112/pae/target/classes started by mamounbenmassaoud in /Users/mamounbenmassaoud/Documents/ESI/Bloc3Q1/WEBG5/webg5_2023_em_58112/pae)
2023-10-03 14:32:38,902 DEBUG [g58112.webg5.pae.PaeApplication] - Running with Spring Boot v3.1.4, Spring v6.0.12
2023-10-03 14:32:38,903 INFO  [g58112.webg5.pae.PaeApplication] - No active profile set, falling back to 1 default profile: "default"
2023-10-03 14:32:39,169 INFO  [g58112.webg5.pae.PaeApplication] - Started PaeApplication in 0.313 seconds (process running for 368.478)
2023-10-03 14:32:57,768 INFO  [g58112.webg5.pae.PaeApplication] - Starting PaeApplication using Java 17.0.9 with PID 88785 (/Users/mamounbenmassaoud/Documents/ESI/Bloc3Q1/WEBG5/webg5_2023_em_58112/pae/target/classes started by mamounbenmassaoud in /Users/mamounbenmassaoud/Documents/ESI/Bloc3Q1/WEBG5/webg5_2023_em_58112/pae)
2023-10-03 14:32:57,768 DEBUG [g58112.webg5.pae.PaeApplication] - Running with Spring Boot v3.1.4, Spring v6.0.12
2023-10-03 14:32:57,769 INFO  [g58112.webg5.pae.PaeApplication] - No active profile set, falling back to 1 default profile: "default"
2023-10-03 14:32:58,135 INFO  [g58112.webg5.pae.PaeApplication] - Started PaeApplication in 0.421 seconds (process running for 387.444)
2023-10-03 14:33:29,947 INFO  [g58112.webg5.pae.PaeApplication] - Starting PaeApplication using Java 17.0.9 with PID 88785 (/Users/mamounbenmassaoud/Documents/ESI/Bloc3Q1/WEBG5/webg5_2023_em_58112/pae/target/classes started by mamounbenmassaoud in /Users/mamounbenmassaoud/Documents/ESI/Bloc3Q1/WEBG5/webg5_2023_em_58112/pae)
2023-10-03 14:33:29,947 DEBUG [g58112.webg5.pae.PaeApplication] - Running with Spring Boot v3.1.4, Spring v6.0.12
2023-10-03 14:33:29,948 INFO  [g58112.webg5.pae.PaeApplication] - No active profile set, falling back to 1 default profile: "default"
2023-10-03 14:33:30,292 INFO  [g58112.webg5.pae.PaeApplication] - Started PaeApplication in 0.409 seconds (process running for 419.601)
2023-10-03 14:33:43,612 INFO  [g58112.webg5.pae.business.PAE] - Nouveau cours ajouté : Course(id=ATLG4, title=atl, credits=3)
2023-10-03 14:35:08,357 INFO  [g58112.webg5.pae.PaeApplication] - Starting PaeApplication using Java 17.0.9 with PID 88785 (/Users/mamounbenmassaoud/Documents/ESI/Bloc3Q1/WEBG5/webg5_2023_em_58112/pae/target/classes started by mamounbenmassaoud in /Users/mamounbenmassaoud/Documents/ESI/Bloc3Q1/WEBG5/webg5_2023_em_58112/pae)
2023-10-03 14:35:08,358 DEBUG [g58112.webg5.pae.PaeApplication] - Running with Spring Boot v3.1.4, Spring v6.0.12
2023-10-03 14:35:08,358 INFO  [g58112.webg5.pae.PaeApplication] - No active profile set, falling back to 1 default profile: "default"
2023-10-03 14:35:10,080 INFO  [g58112.webg5.pae.PaeApplication] - Starting PaeApplication using Java 17.0.9 with PID 88785 (/Users/mamounbenmassaoud/Documents/ESI/Bloc3Q1/WEBG5/webg5_2023_em_58112/pae/target/classes started by mamounbenmassaoud in /Users/mamounbenmassaoud/Documents/ESI/Bloc3Q1/WEBG5/webg5_2023_em_58112/pae)
2023-10-03 14:35:10,080 DEBUG [g58112.webg5.pae.PaeApplication] - Running with Spring Boot v3.1.4, Spring v6.0.12
2023-10-03 14:35:10,080 INFO  [g58112.webg5.pae.PaeApplication] - No active profile set, falling back to 1 default profile: "default"
2023-10-03 14:35:10,286 INFO  [g58112.webg5.pae.PaeApplication] - Started PaeApplication in 0.235 seconds (process running for 519.595)
2023-10-03 14:35:11,782 INFO  [g58112.webg5.pae.PaeApplication] - Starting PaeApplication using Java 17.0.9 with PID 88785 (/Users/mamounbenmassaoud/Documents/ESI/Bloc3Q1/WEBG5/webg5_2023_em_58112/pae/target/classes started by mamounbenmassaoud in /Users/mamounbenmassaoud/Documents/ESI/Bloc3Q1/WEBG5/webg5_2023_em_58112/pae)
2023-10-03 14:35:11,782 DEBUG [g58112.webg5.pae.PaeApplication] - Running with Spring Boot v3.1.4, Spring v6.0.12
2023-10-03 14:35:11,784 INFO  [g58112.webg5.pae.PaeApplication] - No active profile set, falling back to 1 default profile: "default"
2023-10-03 14:35:11,991 INFO  [g58112.webg5.pae.PaeApplication] - Started PaeApplication in 0.253 seconds (process running for 521.3)
2023-10-03 14:35:14,585 INFO  [g58112.webg5.pae.PaeApplication] - Starting PaeApplication using Java 17.0.9 with PID 88785 (/Users/mamounbenmassaoud/Documents/ESI/Bloc3Q1/WEBG5/webg5_2023_em_58112/pae/target/classes started by mamounbenmassaoud in /Users/mamounbenmassaoud/Documents/ESI/Bloc3Q1/WEBG5/webg5_2023_em_58112/pae)
2023-10-03 14:35:14,586 DEBUG [g58112.webg5.pae.PaeApplication] - Running with Spring Boot v3.1.4, Spring v6.0.12
2023-10-03 14:35:14,587 INFO  [g58112.webg5.pae.PaeApplication] - No active profile set, falling back to 1 default profile: "default"
2023-10-03 14:35:14,762 INFO  [g58112.webg5.pae.PaeApplication] - Started PaeApplication in 0.199 seconds (process running for 524.071)
2023-10-03 14:36:23,698 INFO  [g58112.webg5.pae.business.PAE] - Nouveau cours ajouté : Course(id=AH, title=sjjds, credits=2)
2023-10-03 14:44:40,816 INFO  [g58112.webg5.pae.PaeApplication] - Starting PaeApplication using Java 17.0.9 with PID 89499 (/Users/mamounbenmassaoud/Documents/ESI/Bloc3Q1/WEBG5/webg5_2023_em_58112/pae/target/classes started by mamounbenmassaoud in /Users/mamounbenmassaoud/Documents/ESI/Bloc3Q1/WEBG5/webg5_2023_em_58112/pae)
2023-10-03 14:44:40,822 DEBUG [g58112.webg5.pae.PaeApplication] - Running with Spring Boot v3.1.4, Spring v6.0.12
2023-10-03 14:44:40,823 INFO  [g58112.webg5.pae.PaeApplication] - No active profile set, falling back to 1 default profile: "default"
2023-10-03 14:44:42,546 INFO  [g58112.webg5.pae.PaeApplication] - Started PaeApplication in 2.088 seconds (process running for 2.813)
2023-10-03 14:44:54,236 INFO  [g58112.webg5.pae.business.PAE] - Nouveau cours ajouté : Course(id=ATLG4, title=12, credits=11)
2023-10-03 14:45:11,441 INFO  [g58112.webg5.pae.PaeApplication] - Starting PaeApplication using Java 17.0.9 with PID 89499 (/Users/mamounbenmassaoud/Documents/ESI/Bloc3Q1/WEBG5/webg5_2023_em_58112/pae/target/classes started by mamounbenmassaoud in /Users/mamounbenmassaoud/Documents/ESI/Bloc3Q1/WEBG5/webg5_2023_em_58112/pae)
2023-10-03 14:45:11,442 DEBUG [g58112.webg5.pae.PaeApplication] - Running with Spring Boot v3.1.4, Spring v6.0.12
2023-10-03 14:45:11,442 INFO  [g58112.webg5.pae.PaeApplication] - No active profile set, falling back to 1 default profile: "default"
2023-10-03 14:45:11,957 INFO  [g58112.webg5.pae.PaeApplication] - Started PaeApplication in 0.592 seconds (process running for 32.224)
2023-10-03 14:45:13,224 INFO  [g58112.webg5.pae.business.PAE] - Nouveau cours ajouté : Course(id=ATLG4, title=12, credits=11)
2023-10-03 14:45:23,951 INFO  [g58112.webg5.pae.business.PAE] - Nouveau cours ajouté : Course(id=WEBG5, title=12, credits=12)
2023-10-03 15:12:07,060 INFO  [g58112.webg5.pae.PaeApplication] - Starting PaeApplication using Java 17.0.9 with PID 89499 (/Users/mamounbenmassaoud/Documents/ESI/Bloc3Q1/WEBG5/webg5_2023_em_58112/pae/target/classes started by mamounbenmassaoud in /Users/mamounbenmassaoud/Documents/ESI/Bloc3Q1/WEBG5/webg5_2023_em_58112/pae)
2023-10-03 15:12:07,061 DEBUG [g58112.webg5.pae.PaeApplication] - Running with Spring Boot v3.1.4, Spring v6.0.12
2023-10-03 15:12:07,061 INFO  [g58112.webg5.pae.PaeApplication] - No active profile set, falling back to 1 default profile: "default"
2023-10-03 15:12:07,356 INFO  [g58112.webg5.pae.PaeApplication] - Started PaeApplication in 0.352 seconds (process running for 1647.623)
2023-10-03 15:12:09,831 INFO  [g58112.webg5.pae.PaeApplication] - Starting PaeApplication using Java 17.0.9 with PID 89499 (/Users/mamounbenmassaoud/Documents/ESI/Bloc3Q1/WEBG5/webg5_2023_em_58112/pae/target/classes started by mamounbenmassaoud in /Users/mamounbenmassaoud/Documents/ESI/Bloc3Q1/WEBG5/webg5_2023_em_58112/pae)
2023-10-03 15:12:09,831 DEBUG [g58112.webg5.pae.PaeApplication] - Running with Spring Boot v3.1.4, Spring v6.0.12
2023-10-03 15:12:09,831 INFO  [g58112.webg5.pae.PaeApplication] - No active profile set, falling back to 1 default profile: "default"
2023-10-03 15:12:10,055 INFO  [g58112.webg5.pae.PaeApplication] - Started PaeApplication in 0.251 seconds (process running for 1650.322)
2023-10-03 15:12:12,609 INFO  [g58112.webg5.pae.PaeApplication] - Starting PaeApplication using Java 17.0.9 with PID 89499 (/Users/mamounbenmassaoud/Documents/ESI/Bloc3Q1/WEBG5/webg5_2023_em_58112/pae/target/classes started by mamounbenmassaoud in /Users/mamounbenmassaoud/Documents/ESI/Bloc3Q1/WEBG5/webg5_2023_em_58112/pae)
2023-10-03 15:12:12,610 DEBUG [g58112.webg5.pae.PaeApplication] - Running with Spring Boot v3.1.4, Spring v6.0.12
2023-10-03 15:12:12,610 INFO  [g58112.webg5.pae.PaeApplication] - No active profile set, falling back to 1 default profile: "default"
2023-10-03 15:12:12,795 INFO  [g58112.webg5.pae.PaeApplication] - Started PaeApplication in 0.204 seconds (process running for 1653.062)
2023-10-03 15:12:27,326 INFO  [g58112.webg5.pae.PaeApplication] - Starting PaeApplication using Java 17.0.9 with PID 89499 (/Users/mamounbenmassaoud/Documents/ESI/Bloc3Q1/WEBG5/webg5_2023_em_58112/pae/target/classes started by mamounbenmassaoud in /Users/mamounbenmassaoud/Documents/ESI/Bloc3Q1/WEBG5/webg5_2023_em_58112/pae)
2023-10-03 15:12:27,327 DEBUG [g58112.webg5.pae.PaeApplication] - Running with Spring Boot v3.1.4, Spring v6.0.12
2023-10-03 15:12:27,327 INFO  [g58112.webg5.pae.PaeApplication] - No active profile set, falling back to 1 default profile: "default"
2023-10-03 15:12:27,512 INFO  [g58112.webg5.pae.PaeApplication] - Started PaeApplication in 0.22 seconds (process running for 1667.779)
2023-10-03 15:12:50,220 INFO  [g58112.webg5.pae.PaeApplication] - Starting PaeApplication using Java 17.0.9 with PID 89499 (/Users/mamounbenmassaoud/Documents/ESI/Bloc3Q1/WEBG5/webg5_2023_em_58112/pae/target/classes started by mamounbenmassaoud in /Users/mamounbenmassaoud/Documents/ESI/Bloc3Q1/WEBG5/webg5_2023_em_58112/pae)
2023-10-03 15:12:50,221 DEBUG [g58112.webg5.pae.PaeApplication] - Running with Spring Boot v3.1.4, Spring v6.0.12
2023-10-03 15:12:50,221 INFO  [g58112.webg5.pae.PaeApplication] - No active profile set, falling back to 1 default profile: "default"
2023-10-03 15:12:50,423 INFO  [g58112.webg5.pae.PaeApplication] - Started PaeApplication in 0.228 seconds (process running for 1690.69)
2023-10-03 15:15:56,792 INFO  [g58112.webg5.pae.PaeApplication] - Starting PaeApplication using Java 17.0.9 with PID 89499 (/Users/mamounbenmassaoud/Documents/ESI/Bloc3Q1/WEBG5/webg5_2023_em_58112/pae/target/classes started by mamounbenmassaoud in /Users/mamounbenmassaoud/Documents/ESI/Bloc3Q1/WEBG5/webg5_2023_em_58112/pae)
2023-10-03 15:15:56,794 DEBUG [g58112.webg5.pae.PaeApplication] - Running with Spring Boot v3.1.4, Spring v6.0.12
2023-10-03 15:15:56,795 INFO  [g58112.webg5.pae.PaeApplication] - No active profile set, falling back to 1 default profile: "default"
2023-10-03 15:15:56,978 INFO  [g58112.webg5.pae.PaeApplication] - Started PaeApplication in 0.208 seconds (process running for 1877.245)
2023-10-03 15:16:49,855 INFO  [g58112.webg5.pae.PaeApplication] - Starting PaeApplication using Java 17.0.9 with PID 89499 (/Users/mamounbenmassaoud/Documents/ESI/Bloc3Q1/WEBG5/webg5_2023_em_58112/pae/target/classes started by mamounbenmassaoud in /Users/mamounbenmassaoud/Documents/ESI/Bloc3Q1/WEBG5/webg5_2023_em_58112/pae)
2023-10-03 15:16:49,858 DEBUG [g58112.webg5.pae.PaeApplication] - Running with Spring Boot v3.1.4, Spring v6.0.12
2023-10-03 15:16:49,859 INFO  [g58112.webg5.pae.PaeApplication] - No active profile set, falling back to 1 default profile: "default"
2023-10-03 15:16:50,027 INFO  [g58112.webg5.pae.PaeApplication] - Started PaeApplication in 0.198 seconds (process running for 1930.294)
2023-10-03 15:16:59,525 INFO  [g58112.webg5.pae.PaeApplication] - Starting PaeApplication using Java 17.0.9 with PID 89499 (/Users/mamounbenmassaoud/Documents/ESI/Bloc3Q1/WEBG5/webg5_2023_em_58112/pae/target/classes started by mamounbenmassaoud in /Users/mamounbenmassaoud/Documents/ESI/Bloc3Q1/WEBG5/webg5_2023_em_58112/pae)
2023-10-03 15:16:59,525 DEBUG [g58112.webg5.pae.PaeApplication] - Running with Spring Boot v3.1.4, Spring v6.0.12
2023-10-03 15:16:59,525 INFO  [g58112.webg5.pae.PaeApplication] - No active profile set, falling back to 1 default profile: "default"
2023-10-03 15:16:59,693 INFO  [g58112.webg5.pae.PaeApplication] - Started PaeApplication in 0.191 seconds (process running for 1939.96)
2023-10-03 15:17:27,412 INFO  [g58112.webg5.pae.PaeApplication] - Starting PaeApplication using Java 17.0.9 with PID 89499 (/Users/mamounbenmassaoud/Documents/ESI/Bloc3Q1/WEBG5/webg5_2023_em_58112/pae/target/classes started by mamounbenmassaoud in /Users/mamounbenmassaoud/Documents/ESI/Bloc3Q1/WEBG5/webg5_2023_em_58112/pae)
2023-10-03 15:17:27,412 DEBUG [g58112.webg5.pae.PaeApplication] - Running with Spring Boot v3.1.4, Spring v6.0.12
2023-10-03 15:17:27,413 INFO  [g58112.webg5.pae.PaeApplication] - No active profile set, falling back to 1 default profile: "default"
2023-10-03 15:17:27,603 INFO  [g58112.webg5.pae.PaeApplication] - Started PaeApplication in 0.215 seconds (process running for 1967.87)
2023-10-03 15:17:37,900 INFO  [g58112.webg5.pae.PaeApplication] - Starting PaeApplication using Java 17.0.9 with PID 90305 (/Users/mamounbenmassaoud/Documents/ESI/Bloc3Q1/WEBG5/webg5_2023_em_58112/pae/target/classes started by mamounbenmassaoud in /Users/mamounbenmassaoud/Documents/ESI/Bloc3Q1/WEBG5/webg5_2023_em_58112/pae)
2023-10-03 15:17:37,905 DEBUG [g58112.webg5.pae.PaeApplication] - Running with Spring Boot v3.1.4, Spring v6.0.12
2023-10-03 15:17:37,906 INFO  [g58112.webg5.pae.PaeApplication] - No active profile set, falling back to 1 default profile: "default"
2023-10-03 15:17:39,419 INFO  [g58112.webg5.pae.PaeApplication] - Started PaeApplication in 1.849 seconds (process running for 2.583)
2023-10-03 15:18:18,188 INFO  [g58112.webg5.pae.PaeApplication] - Starting PaeApplication using Java 17.0.9 with PID 90305 (/Users/mamounbenmassaoud/Documents/ESI/Bloc3Q1/WEBG5/webg5_2023_em_58112/pae/target/classes started by mamounbenmassaoud in /Users/mamounbenmassaoud/Documents/ESI/Bloc3Q1/WEBG5/webg5_2023_em_58112/pae)
2023-10-03 15:18:18,192 DEBUG [g58112.webg5.pae.PaeApplication] - Running with Spring Boot v3.1.4, Spring v6.0.12
2023-10-03 15:18:18,192 INFO  [g58112.webg5.pae.PaeApplication] - No active profile set, falling back to 1 default profile: "default"
2023-10-03 15:18:18,522 INFO  [g58112.webg5.pae.PaeApplication] - Started PaeApplication in 0.374 seconds (process running for 41.686)
2023-10-03 15:19:33,514 INFO  [g58112.webg5.pae.PaeApplication] - Starting PaeApplication using Java 17.0.9 with PID 90305 (/Users/mamounbenmassaoud/Documents/ESI/Bloc3Q1/WEBG5/webg5_2023_em_58112/pae/target/classes started by mamounbenmassaoud in /Users/mamounbenmassaoud/Documents/ESI/Bloc3Q1/WEBG5/webg5_2023_em_58112/pae)
2023-10-03 15:19:33,516 DEBUG [g58112.webg5.pae.PaeApplication] - Running with Spring Boot v3.1.4, Spring v6.0.12
2023-10-03 15:19:33,516 INFO  [g58112.webg5.pae.PaeApplication] - No active profile set, falling back to 1 default profile: "default"
2023-10-03 15:19:33,900 INFO  [g58112.webg5.pae.PaeApplication] - Started PaeApplication in 0.448 seconds (process running for 117.064)
2023-10-03 15:20:24,780 INFO  [g58112.webg5.pae.PaeApplication] - Starting PaeApplication using Java 17.0.9 with PID 90305 (/Users/mamounbenmassaoud/Documents/ESI/Bloc3Q1/WEBG5/webg5_2023_em_58112/pae/target/classes started by mamounbenmassaoud in /Users/mamounbenmassaoud/Documents/ESI/Bloc3Q1/WEBG5/webg5_2023_em_58112/pae)
2023-10-03 15:20:24,782 DEBUG [g58112.webg5.pae.PaeApplication] - Running with Spring Boot v3.1.4, Spring v6.0.12
2023-10-03 15:20:24,783 INFO  [g58112.webg5.pae.PaeApplication] - No active profile set, falling back to 1 default profile: "default"
2023-10-03 15:20:25,145 INFO  [g58112.webg5.pae.PaeApplication] - Started PaeApplication in 0.445 seconds (process running for 168.309)
2023-10-03 15:20:29,701 INFO  [g58112.webg5.pae.PaeApplication] - Starting PaeApplication using Java 17.0.9 with PID 90305 (/Users/mamounbenmassaoud/Documents/ESI/Bloc3Q1/WEBG5/webg5_2023_em_58112/pae/target/classes started by mamounbenmassaoud in /Users/mamounbenmassaoud/Documents/ESI/Bloc3Q1/WEBG5/webg5_2023_em_58112/pae)
2023-10-03 15:20:29,701 DEBUG [g58112.webg5.pae.PaeApplication] - Running with Spring Boot v3.1.4, Spring v6.0.12
2023-10-03 15:20:29,701 INFO  [g58112.webg5.pae.PaeApplication] - No active profile set, falling back to 1 default profile: "default"
2023-10-03 15:20:29,939 INFO  [g58112.webg5.pae.PaeApplication] - Started PaeApplication in 0.27 seconds (process running for 173.103)
2023-10-03 15:21:18,729 INFO  [g58112.webg5.pae.PaeApplication] - Starting PaeApplication using Java 17.0.9 with PID 90305 (/Users/mamounbenmassaoud/Documents/ESI/Bloc3Q1/WEBG5/webg5_2023_em_58112/pae/target/classes started by mamounbenmassaoud in /Users/mamounbenmassaoud/Documents/ESI/Bloc3Q1/WEBG5/webg5_2023_em_58112/pae)
2023-10-03 15:21:18,730 DEBUG [g58112.webg5.pae.PaeApplication] - Running with Spring Boot v3.1.4, Spring v6.0.12
2023-10-03 15:21:18,730 INFO  [g58112.webg5.pae.PaeApplication] - No active profile set, falling back to 1 default profile: "default"
2023-10-03 15:21:18,933 INFO  [g58112.webg5.pae.PaeApplication] - Started PaeApplication in 0.257 seconds (process running for 222.097)
2023-10-03 15:21:31,172 INFO  [g58112.webg5.pae.business.PAE] - Nouveau cours ajouté : Course(id=ATLG4-), title=s, credits=0)
2023-10-03 15:25:23,914 INFO  [g58112.webg5.pae.business.PAE] - Nouveau cours ajouté : Course(id=ç!è!çà!)--ihdsfvhvdfiohvdilhfvsihrdlgh, title=kjbbb, credits=-4)
2023-10-03 15:28:57,420 INFO  [g58112.webg5.pae.PaeApplication] - Starting PaeApplication using Java 17.0.9 with PID 90305 (/Users/mamounbenmassaoud/Documents/ESI/Bloc3Q1/WEBG5/webg5_2023_em_58112/pae/target/classes started by mamounbenmassaoud in /Users/mamounbenmassaoud/Documents/ESI/Bloc3Q1/WEBG5/webg5_2023_em_58112/pae)
2023-10-03 15:28:57,422 DEBUG [g58112.webg5.pae.PaeApplication] - Running with Spring Boot v3.1.4, Spring v6.0.12
2023-10-03 15:28:57,423 INFO  [g58112.webg5.pae.PaeApplication] - No active profile set, falling back to 1 default profile: "default"
2023-10-03 15:28:57,642 INFO  [g58112.webg5.pae.PaeApplication] - Started PaeApplication in 0.259 seconds (process running for 680.806)
2023-10-03 15:31:44,455 INFO  [g58112.webg5.pae.business.PAE] - Nouveau cours ajouté : Course(id=9999999999999999999999, title=yuyghiy-----, credits=-4)
2023-10-03 15:48:57,968 INFO  [g58112.webg5.pae.PaeApplication] - Starting PaeApplication using Java 17.0.9 with PID 90305 (/Users/mamounbenmassaoud/Documents/ESI/Bloc3Q1/WEBG5/webg5_2023_em_58112/pae/target/classes started by mamounbenmassaoud in /Users/mamounbenmassaoud/Documents/ESI/Bloc3Q1/WEBG5/webg5_2023_em_58112/pae)
2023-10-03 15:48:57,970 DEBUG [g58112.webg5.pae.PaeApplication] - Running with Spring Boot v3.1.4, Spring v6.0.12
2023-10-03 15:48:57,970 INFO  [g58112.webg5.pae.PaeApplication] - No active profile set, falling back to 1 default profile: "default"
2023-10-03 15:48:58,178 INFO  [g58112.webg5.pae.PaeApplication] - Started PaeApplication in 0.231 seconds (process running for 1881.342)
2023-10-03 15:49:05,765 INFO  [g58112.webg5.pae.PaeApplication] - Starting PaeApplication using Java 17.0.9 with PID 90305 (/Users/mamounbenmassaoud/Documents/ESI/Bloc3Q1/WEBG5/webg5_2023_em_58112/pae/target/classes started by mamounbenmassaoud in /Users/mamounbenmassaoud/Documents/ESI/Bloc3Q1/WEBG5/webg5_2023_em_58112/pae)
2023-10-03 15:49:05,765 DEBUG [g58112.webg5.pae.PaeApplication] - Running with Spring Boot v3.1.4, Spring v6.0.12
2023-10-03 15:49:05,765 INFO  [g58112.webg5.pae.PaeApplication] - No active profile set, falling back to 1 default profile: "default"
2023-10-03 15:49:05,913 INFO  [g58112.webg5.pae.PaeApplication] - Started PaeApplication in 0.163 seconds (process running for 1889.077)
2023-10-03 15:49:16,899 INFO  [g58112.webg5.pae.PaeApplication] - Starting PaeApplication using Java 17.0.9 with PID 91190 (/Users/mamounbenmassaoud/Documents/ESI/Bloc3Q1/WEBG5/webg5_2023_em_58112/pae/target/classes started by mamounbenmassaoud in /Users/mamounbenmassaoud/Documents/ESI/Bloc3Q1/WEBG5/webg5_2023_em_58112/pae)
2023-10-03 15:49:16,906 DEBUG [g58112.webg5.pae.PaeApplication] - Running with Spring Boot v3.1.4, Spring v6.0.12
2023-10-03 15:49:16,908 INFO  [g58112.webg5.pae.PaeApplication] - No active profile set, falling back to 1 default profile: "default"
2023-10-03 15:49:18,541 INFO  [g58112.webg5.pae.PaeApplication] - Started PaeApplication in 1.976 seconds (process running for 2.769)
2023-10-03 15:49:31,445 INFO  [g58112.webg5.pae.business.PAE] - Nouveau cours ajouté : Course(id=11JJHuhzeckihkiecdhkihcdeil, title=diujcdeququceqdehcoqihcfoiqedheoichfgeoqghfoiqehcfoihqvcoiqeihvclqhiefclsirhfliszrhvcerlick:svhlsvc, credits=-1)
2023-10-03 16:02:51,251 INFO  [g58112.webg5.pae.PaeApplication] - Starting PaeApplication using Java 17.0.9 with PID 91310 (/Users/mamounbenmassaoud/Documents/ESI/Bloc3Q1/WEBG5/webg5_2023_em_58112/pae/target/classes started by mamounbenmassaoud in /Users/mamounbenmassaoud/Documents/ESI/Bloc3Q1/WEBG5/webg5_2023_em_58112/pae)
2023-10-03 16:02:51,258 DEBUG [g58112.webg5.pae.PaeApplication] - Running with Spring Boot v3.1.4, Spring v6.0.12
2023-10-03 16:02:51,259 INFO  [g58112.webg5.pae.PaeApplication] - No active profile set, falling back to 1 default profile: "default"
2023-10-03 16:02:52,879 INFO  [g58112.webg5.pae.PaeApplication] - Started PaeApplication in 1.956 seconds (process running for 2.704)
2023-10-03 16:04:07,062 INFO  [g58112.webg5.pae.PaeApplication] - Starting PaeApplication using Java 17.0.9 with PID 91310 (/Users/mamounbenmassaoud/Documents/ESI/Bloc3Q1/WEBG5/webg5_2023_em_58112/pae/target/classes started by mamounbenmassaoud in /Users/mamounbenmassaoud/Documents/ESI/Bloc3Q1/WEBG5/webg5_2023_em_58112/pae)
2023-10-03 16:04:07,064 DEBUG [g58112.webg5.pae.PaeApplication] - Running with Spring Boot v3.1.4, Spring v6.0.12
2023-10-03 16:04:07,064 INFO  [g58112.webg5.pae.PaeApplication] - No active profile set, falling back to 1 default profile: "default"
2023-10-03 16:04:07,412 INFO  [g58112.webg5.pae.PaeApplication] - Started PaeApplication in 0.431 seconds (process running for 77.237)
2023-10-03 16:07:14,063 INFO  [g58112.webg5.pae.PaeApplication] - Starting PaeApplication using Java 17.0.9 with PID 91310 (/Users/mamounbenmassaoud/Documents/ESI/Bloc3Q1/WEBG5/webg5_2023_em_58112/pae/target/classes started by mamounbenmassaoud in /Users/mamounbenmassaoud/Documents/ESI/Bloc3Q1/WEBG5/webg5_2023_em_58112/pae)
2023-10-03 16:07:14,065 DEBUG [g58112.webg5.pae.PaeApplication] - Running with Spring Boot v3.1.4, Spring v6.0.12
2023-10-03 16:07:14,065 INFO  [g58112.webg5.pae.PaeApplication] - No active profile set, falling back to 1 default profile: "default"
2023-10-03 16:07:14,347 INFO  [g58112.webg5.pae.PaeApplication] - Started PaeApplication in 0.351 seconds (process running for 264.172)
2023-10-03 16:08:29,378 INFO  [g58112.webg5.pae.PaeApplication] - Starting PaeApplication using Java 17.0.9 with PID 91310 (/Users/mamounbenmassaoud/Documents/ESI/Bloc3Q1/WEBG5/webg5_2023_em_58112/pae/target/classes started by mamounbenmassaoud in /Users/mamounbenmassaoud/Documents/ESI/Bloc3Q1/WEBG5/webg5_2023_em_58112/pae)
2023-10-03 16:08:29,379 DEBUG [g58112.webg5.pae.PaeApplication] - Running with Spring Boot v3.1.4, Spring v6.0.12
2023-10-03 16:08:29,379 INFO  [g58112.webg5.pae.PaeApplication] - No active profile set, falling back to 1 default profile: "default"
2023-10-03 16:08:29,729 INFO  [g58112.webg5.pae.PaeApplication] - Started PaeApplication in 0.394 seconds (process running for 339.554)
2023-10-03 16:12:43,109 INFO  [g58112.webg5.pae.business.PAE] - Nouveau cours ajouté : Course(id=qfdvdd3, title=qsdfsdc, credits=1)
2023-10-03 16:16:50,493 INFO  [g58112.webg5.pae.business.PAE] - Nouveau cours ajouté : Course(id=fvhj, title=f, credits=1)
2023-10-03 16:17:00,771 INFO  [g58112.webg5.pae.business.PAE] - Nouveau cours ajouté : Course(id=mobg5, title=e, credits=1)
2023-10-03 16:17:12,028 INFO  [g58112.webg5.pae.PaeApplication] - Starting PaeApplication using Java 17.0.9 with PID 91721 (/Users/mamounbenmassaoud/Documents/ESI/Bloc3Q1/WEBG5/webg5_2023_em_58112/pae/target/classes started by mamounbenmassaoud in /Users/mamounbenmassaoud/Documents/ESI/Bloc3Q1/WEBG5/webg5_2023_em_58112/pae)
2023-10-03 16:17:12,035 DEBUG [g58112.webg5.pae.PaeApplication] - Running with Spring Boot v3.1.4, Spring v6.0.12
2023-10-03 16:17:12,036 INFO  [g58112.webg5.pae.PaeApplication] - No active profile set, falling back to 1 default profile: "default"
2023-10-03 16:17:13,697 INFO  [g58112.webg5.pae.PaeApplication] - Started PaeApplication in 1.987 seconds (process running for 2.764)
2023-10-03 16:17:38,214 INFO  [g58112.webg5.pae.business.PAE] - Nouveau cours ajouté : Course(id=ficfe, title=ffdcds, credits=1)
2023-10-10 12:20:59,842 INFO  [g58112.webg5.pae.PaeApplication] - Starting PaeApplication using Java 17.0.9 with PID 1956 (/Users/mamounbenmassaoud/Documents/ESI/Bloc3Q1/WEBG5/webg5_2023_em_58112/pae/target/classes started by mamounbenmassaoud in /Users/mamounbenmassaoud/Documents/ESI/Bloc3Q1/WEBG5/webg5_2023_em_58112/pae)
2023-10-10 12:20:59,848 DEBUG [g58112.webg5.pae.PaeApplication] - Running with Spring Boot v3.1.4, Spring v6.0.12
2023-10-10 12:20:59,851 INFO  [g58112.webg5.pae.PaeApplication] - No active profile set, falling back to 1 default profile: "default"
2023-10-10 12:21:02,036 INFO  [g58112.webg5.pae.PaeApplication] - Started PaeApplication in 2.538 seconds (process running for 3.363)
2023-10-10 12:24:32,246 INFO  [g58112.webg5.pae.PaeApplication] - Starting PaeApplication using Java 17.0.9 with PID 2422 (/Users/mamounbenmassaoud/Documents/ESI/Bloc3Q1/WEBG5/webg5_2023_em_58112/pae/target/classes started by mamounbenmassaoud in /Users/mamounbenmassaoud/Documents/ESI/Bloc3Q1/WEBG5/webg5_2023_em_58112/pae)
2023-10-10 12:24:32,247 DEBUG [g58112.webg5.pae.PaeApplication] - Running with Spring Boot v3.1.4, Spring v6.0.12
2023-10-10 12:24:32,249 INFO  [g58112.webg5.pae.PaeApplication] - No active profile set, falling back to 1 default profile: "default"
2023-10-10 12:24:32,584 INFO  [g58112.webg5.pae.PaeApplication] - Started PaeApplication in 0.429 seconds (process running for 13.556)
2023-10-10 12:24:36,991 INFO  [g58112.webg5.pae.PaeApplication] - Starting PaeApplication using Java 17.0.9 with PID 2450 (/Users/mamounbenmassaoud/Documents/ESI/Bloc3Q1/WEBG5/webg5_2023_em_58112/pae/target/classes started by mamounbenmassaoud in /Users/mamounbenmassaoud/Documents/ESI/Bloc3Q1/WEBG5/webg5_2023_em_58112/pae)
2023-10-10 12:24:36,997 DEBUG [g58112.webg5.pae.PaeApplication] - Running with Spring Boot v3.1.4, Spring v6.0.12
2023-10-10 12:24:36,998 INFO  [g58112.webg5.pae.PaeApplication] - No active profile set, falling back to 1 default profile: "default"
2023-10-10 12:24:38,604 INFO  [g58112.webg5.pae.PaeApplication] - Started PaeApplication in 1.934 seconds (process running for 2.608)
2023-10-10 12:24:49,480 INFO  [g58112.webg5.pae.business.PAE] - Nouveau cours ajouté : Course(id=ATLG4, title=duhcs, credits=3)
2023-10-10 12:28:14,514 INFO  [g58112.webg5.pae.PaeApplication] - Starting PaeApplication using Java 17.0.9 with PID 2450 (/Users/mamounbenmassaoud/Documents/ESI/Bloc3Q1/WEBG5/webg5_2023_em_58112/pae/target/classes started by mamounbenmassaoud in /Users/mamounbenmassaoud/Documents/ESI/Bloc3Q1/WEBG5/webg5_2023_em_58112/pae)
2023-10-10 12:28:14,514 DEBUG [g58112.webg5.pae.PaeApplication] - Running with Spring Boot v3.1.4, Spring v6.0.12
2023-10-10 12:28:14,515 INFO  [g58112.webg5.pae.PaeApplication] - No active profile set, falling back to 1 default profile: "default"
2023-10-10 12:29:32,674 INFO  [g58112.webg5.pae.PaeApplication] - Starting PaeApplication using Java 17.0.9 with PID 2450 (/Users/mamounbenmassaoud/Documents/ESI/Bloc3Q1/WEBG5/webg5_2023_em_58112/pae/target/classes started by mamounbenmassaoud in /Users/mamounbenmassaoud/Documents/ESI/Bloc3Q1/WEBG5/webg5_2023_em_58112/pae)
2023-10-10 12:29:32,675 DEBUG [g58112.webg5.pae.PaeApplication] - Running with Spring Boot v3.1.4, Spring v6.0.12
2023-10-10 12:29:32,675 INFO  [g58112.webg5.pae.PaeApplication] - No active profile set, falling back to 1 default profile: "default"
2023-10-10 12:29:33,095 INFO  [g58112.webg5.pae.PaeApplication] - Started PaeApplication in 0.496 seconds (process running for 297.099)
2023-10-10 12:29:56,760 INFO  [g58112.webg5.pae.PaeApplication] - Starting PaeApplication using Java 17.0.9 with PID 2450 (/Users/mamounbenmassaoud/Documents/ESI/Bloc3Q1/WEBG5/webg5_2023_em_58112/pae/target/classes started by mamounbenmassaoud in /Users/mamounbenmassaoud/Documents/ESI/Bloc3Q1/WEBG5/webg5_2023_em_58112/pae)
2023-10-10 12:29:56,760 DEBUG [g58112.webg5.pae.PaeApplication] - Running with Spring Boot v3.1.4, Spring v6.0.12
2023-10-10 12:29:56,760 INFO  [g58112.webg5.pae.PaeApplication] - No active profile set, falling back to 1 default profile: "default"
2023-10-10 12:29:57,100 INFO  [g58112.webg5.pae.PaeApplication] - Started PaeApplication in 0.405 seconds (process running for 321.104)
2023-10-10 12:30:37,801 INFO  [g58112.webg5.pae.business.PAE] - Nouveau cours ajouté : Course(id=ATLG4, title=sqd, credits=2)
2023-10-10 12:31:36,220 INFO  [g58112.webg5.pae.PaeApplication] - Starting PaeApplication using Java 17.0.9 with PID 2450 (/Users/mamounbenmassaoud/Documents/ESI/Bloc3Q1/WEBG5/webg5_2023_em_58112/pae/target/classes started by mamounbenmassaoud in /Users/mamounbenmassaoud/Documents/ESI/Bloc3Q1/WEBG5/webg5_2023_em_58112/pae)
2023-10-10 12:31:36,220 DEBUG [g58112.webg5.pae.PaeApplication] - Running with Spring Boot v3.1.4, Spring v6.0.12
2023-10-10 12:31:36,220 INFO  [g58112.webg5.pae.PaeApplication] - No active profile set, falling back to 1 default profile: "default"
2023-10-10 12:31:36,442 INFO  [g58112.webg5.pae.PaeApplication] - Started PaeApplication in 0.25 seconds (process running for 420.446)
